Epic Windex
Epic Fail Sauce
Epic Winston Churchill's Famous D-Day Donuts
Monster
1337 Sauce
Buffalo Wings
Epic Fail Buckets
win
wiN
wIn
wIN
Epic Win
WiN
WIn
WIN
fail
faiL
faIl
faIL
fAil
fAiL
fAIl
fAIL
Epic Fail
FaiL
FaIl
FaIL
FAil
FAiL
FAIl
FAIL
Epic Win
Epic Fail
Epic Win Win Win Win Win Win Win Win Win Win Win Win Win Win Win Win Win Win Win Win
Epic Fail Fail Fail Fail Fail Fail Fail Fail Fail Fail Fail Fail Fail Fail Fail Fail
!@#$%^&*()-=_+`~1234567890qazwsxedcrfvtgbyhnujmik,ol.p;/[']\|
saghnivahgniuvwrehgi8v3ynhgvuweyng98c23y5ngchwer8gnruengbhcuewbhsuirhmgserhugsc
uaysvn8y98nva6g98r6gi7ygfudywegqiuwyvuymgviuh,boi,hirtcbuwyrewtgucwyeugw7yegrur
W i n
F a i l
Wi n
w in
F ail
Fa il
Fai l
i
