Day #1: 2 3 1 3
Day #2: 1 1 200 400
Day #3: 1 1 1 2
Day #4: 1 1 4 8
Day #5: 3 1 4 8
Day #6: 1 3 4 8
Day #7: 3 3 4 8
Day #8: 0 0 1 0
Day #9: 1000 1000 1000 1998
Day #10: 500 500 500 1998
Day #11: 137 730 1 40
Day #12: 15 599 0 13
Day #13: 26 17 5 51
Day #14: 7 49 34 122
Day #15: 582 15 20 68
Day #16: 13 645 20 76
Day #17: 581 1 20 45
Day #18: 1 16 7 27
Day #19: 546 8 20 54
Day #20: 549 941 3 168
Day #21: 86 19 11 125
Day #22: 49 278 13 81
Day #23: 16 645 37 95
Day #24: 131 443 8 44
Day #25: 770 5 24 70
Day #26: 8 13 10 39
Day #27: 7 48 34 121
Day #28: 667 23 0 9
Day #29: 23 17 35 108
Day #30: 264 2 18 42
Day #31: 16 32 46 138
Day #32: 3 5 3 12
Day #33: 11 22 16 63
Day #34: 40 141 180 539
Day #35: 64 2 1 3
